info: ::1 - - [11/Feb/2025:04:34:34 +0000] "GET /api/v1/users HTTP/1.1" 404 47 "-" "PostmanRuntime/7.43.0"

info: ::1 - - [11/Feb/2025:04:34:43 +0000] "GET /api/v1/users/ HTTP/1.1" 404 47 "-" "PostmanRuntime/7.43.0"

info: ::1 - - [11/Feb/2025:04:34:45 +0000] "GET /api/v1/users/ HTTP/1.1" 404 47 "-" "PostmanRuntime/7.43.0"

info: ::1 - - [11/Feb/2025:04:35:19 +0000] "GET /api/v1/users/ HTTP/1.1" 404 47 "-" "PostmanRuntime/7.43.0"

info: ::1 - - [11/Feb/2025:04:36:48 +0000] "GET /api/v1/users HTTP/1.1" 404 47 "-" "PostmanRuntime/7.43.0"

info: ::1 - - [11/Feb/2025:04:37:06 +0000] "GET /api/v1/users HTTP/1.1" 404 47 "-" "PostmanRuntime/7.43.0"

info: ::1 - - [11/Feb/2025:04:37:09 +0000] "GET /api/v1/users HTTP/1.1" 404 47 "-" "PostmanRuntime/7.43.0"

info: ::1 - - [11/Feb/2025:04:37:09 +0000] "GET /api/v1/users HTTP/1.1" 404 47 "-" "PostmanRuntime/7.43.0"

info: ::1 - - [11/Feb/2025:04:38:16 +0000] "POST /api/v1/users HTTP/1.1" 500 55 "-" "PostmanRuntime/7.43.0"

info: ::1 - - [11/Feb/2025:04:39:12 +0000] "POST /api/v1/users HTTP/1.1" 500 73 "-" "PostmanRuntime/7.43.0"

info: ::1 - - [11/Feb/2025:04:45:29 +0000] "POST /api/v1/users HTTP/1.1" 201 82 "-" "PostmanRuntime/7.43.0"

info: ::1 - - [11/Feb/2025:04:45:45 +0000] "POST /api/v1/users HTTP/1.1" 201 249 "-" "PostmanRuntime/7.43.0"

info: ::1 - - [11/Feb/2025:04:51:50 +0000] "GET /api/v1/users HTTP/1.1" 404 47 "-" "PostmanRuntime/7.43.0"

info: ::1 - - [11/Feb/2025:05:44:29 +0000] "GET /api/v1/users HTTP/1.1" 200 1700 "-" "PostmanRuntime/7.43.0"

info: ::1 - - [11/Feb/2025:06:22:49 +0000] "POST /api/v1/users HTTP/1.1" 201 310 "-" "PostmanRuntime/7.43.0"

info: ::1 - - [11/Feb/2025:08:44:03 +0000] "POST /api/v1/login HTTP/1.1" 404 47 "-" "PostmanRuntime/7.43.0"

info: ::1 - - [11/Feb/2025:08:51:17 +0000] "POST /api/v1/users/login HTTP/1.1" - - "-" "PostmanRuntime/7.43.0"

info: ::1 - - [11/Feb/2025:08:52:45 +0000] "POST /api/v1/users/login HTTP/1.1" 200 335 "-" "PostmanRuntime/7.43.0"

info: ::1 - - [11/Feb/2025:09:22:29 +0000] "GET /api/v1/users HTTP/1.1" 400 56 "-" "PostmanRuntime/7.43.0"

info: ::1 - - [11/Feb/2025:09:22:56 +0000] "GET /api/v1/users HTTP/1.1" 400 56 "-" "PostmanRuntime/7.43.0"

info: ::1 - - [11/Feb/2025:09:22:57 +0000] "GET /api/v1/users HTTP/1.1" 400 56 "-" "PostmanRuntime/7.43.0"

info: ::1 - - [11/Feb/2025:09:24:29 +0000] "GET /api/v1/users HTTP/1.1" 400 56 "-" "PostmanRuntime/7.43.0"

info: ::1 - - [11/Feb/2025:09:26:36 +0000] "POST /api/v1/users/login HTTP/1.1" 200 79 "-" "PostmanRuntime/7.43.0"

info: ::1 - - [11/Feb/2025:09:27:11 +0000] "POST /api/v1/users/login HTTP/1.1" 200 103 "-" "PostmanRuntime/7.43.0"

info: ::1 - - [11/Feb/2025:09:27:33 +0000] "POST /api/v1/users/login HTTP/1.1" 200 541 "-" "PostmanRuntime/7.43.0"

info: ::1 - - [11/Feb/2025:09:28:33 +0000] "POST /api/v1/users/login HTTP/1.1" 200 541 "-" "PostmanRuntime/7.43.0"

