info: Server started at http://localhost:3000/api/v1/ {"timestamp":"2025-02-11T04:34:29.243Z"}
info: Connected to the database. {"timestamp":"2025-02-11T04:34:29.261Z"}
error: 
    status - 500 
    message - ValidationError: "name" is required 
    url - /api/v1/users 
    method - POST 
    IP - ::1
   {"timestamp":"2025-02-11T04:38:16.640Z"}
error: 
    status - 500 
    message - SyntaxError: Unexpected string in JSON at position 29
    at JSON.parse (<anonymous>)
    at parse (D:\BL_Backend\fundo-project\node_modules\body-parser\lib\types\json.js:92:19)
    at D:\BL_Backend\fundo-project\node_modules\body-parser\lib\read.js:128:18
    at AsyncResource.runInAsyncScope (node:async_hooks:203:9)
    at invokeCallback (D:\BL_Backend\fundo-project\node_modules\raw-body\index.js:238:16)
    at done (D:\BL_Backend\fundo-project\node_modules\raw-body\index.js:227:7)
    at IncomingMessage.onEnd (D:\BL_Backend\fundo-project\node_modules\raw-body\index.js:287:7)
    at IncomingMessage.emit (node:events:514:28)
    at IncomingMessage.emit (node:domain:489:12)
    at endReadableNT (node:internal/streams/readable:1359:12)
    at processTicksAndRejections (node:internal/process/task_queues:82:21) 
    url - /api/v1/users 
    method - POST 
    IP - ::1
   {"timestamp":"2025-02-11T04:38:58.232Z"}
error: 
    status - 500 
    message - ValidationError: Password must be at least 8 characters 
    url - /api/v1/users 
    method - POST 
    IP - ::1
   {"timestamp":"2025-02-11T04:39:12.699Z"}
info: Server started at http://localhost:3000/api/v1/ {"timestamp":"2025-02-11T04:40:37.007Z"}
info: Connected to the database. {"timestamp":"2025-02-11T04:40:37.027Z"}
info: Server started at http://localhost:3000/api/v1/ {"timestamp":"2025-02-11T04:41:13.682Z"}
info: Connected to the database. {"timestamp":"2025-02-11T04:41:13.703Z"}
info: Server started at http://localhost:3000/api/v1/ {"timestamp":"2025-02-11T04:41:21.733Z"}
info: Connected to the database. {"timestamp":"2025-02-11T04:41:21.755Z"}
info: Server started at http://localhost:3000/api/v1/ {"timestamp":"2025-02-11T04:41:25.663Z"}
info: Connected to the database. {"timestamp":"2025-02-11T04:41:25.683Z"}
info: Server started at http://localhost:3000/api/v1/ {"timestamp":"2025-02-11T04:41:42.426Z"}
info: Connected to the database. {"timestamp":"2025-02-11T04:41:42.444Z"}
info: Server started at http://localhost:3000/api/v1/ {"timestamp":"2025-02-11T04:42:01.629Z"}
info: Connected to the database. {"timestamp":"2025-02-11T04:42:01.665Z"}
info: Server started at http://localhost:3000/api/v1/ {"timestamp":"2025-02-11T04:42:44.793Z"}
info: Connected to the database. {"timestamp":"2025-02-11T04:42:44.808Z"}
info: Server started at http://localhost:3000/api/v1/ {"timestamp":"2025-02-11T04:43:11.442Z"}
info: Connected to the database. {"timestamp":"2025-02-11T04:43:11.467Z"}
info: Server started at http://localhost:3000/api/v1/ {"timestamp":"2025-02-11T04:43:13.506Z"}
info: Connected to the database. {"timestamp":"2025-02-11T04:43:13.521Z"}
info: Server started at http://localhost:3000/api/v1/ {"timestamp":"2025-02-11T04:43:22.562Z"}
info: Connected to the database. {"timestamp":"2025-02-11T04:43:22.585Z"}
info: Server started at http://localhost:3000/api/v1/ {"timestamp":"2025-02-11T04:43:25.394Z"}
info: Connected to the database. {"timestamp":"2025-02-11T04:43:25.419Z"}
info: Server started at http://localhost:3000/api/v1/ {"timestamp":"2025-02-11T04:43:33.773Z"}
info: Connected to the database. {"timestamp":"2025-02-11T04:43:33.791Z"}
info: Server started at http://localhost:3000/api/v1/ {"timestamp":"2025-02-11T04:43:36.110Z"}
info: Connected to the database. {"timestamp":"2025-02-11T04:43:36.145Z"}
info: Server started at http://localhost:3000/api/v1/ {"timestamp":"2025-02-11T04:43:40.671Z"}
info: Connected to the database. {"timestamp":"2025-02-11T04:43:40.690Z"}
info: Server started at http://localhost:3000/api/v1/ {"timestamp":"2025-02-11T04:44:18.500Z"}
info: Connected to the database. {"timestamp":"2025-02-11T04:44:18.519Z"}
info: Server started at http://localhost:3000/api/v1/ {"timestamp":"2025-02-11T04:44:22.961Z"}
info: Connected to the database. {"timestamp":"2025-02-11T04:44:22.984Z"}
info: Server started at http://localhost:3000/api/v1/ {"timestamp":"2025-02-11T04:44:25.394Z"}
info: Connected to the database. {"timestamp":"2025-02-11T04:44:25.412Z"}
info: Server started at http://localhost:3000/api/v1/ {"timestamp":"2025-02-11T04:45:03.952Z"}
info: Connected to the database. {"timestamp":"2025-02-11T04:45:03.978Z"}
info: Server started at http://localhost:3000/api/v1/ {"timestamp":"2025-02-11T04:45:08.730Z"}
info: Connected to the database. {"timestamp":"2025-02-11T04:45:08.750Z"}
info: Server started at http://localhost:3000/api/v1/ {"timestamp":"2025-02-11T04:45:14.025Z"}
info: Connected to the database. {"timestamp":"2025-02-11T04:45:14.042Z"}
info: Server started at http://localhost:3000/api/v1/ {"timestamp":"2025-02-11T04:45:19.766Z"}
info: Connected to the database. {"timestamp":"2025-02-11T04:45:19.796Z"}
info: Server started at http://localhost:3000/api/v1/ {"timestamp":"2025-02-11T04:45:25.721Z"}
info: Connected to the database. {"timestamp":"2025-02-11T04:45:25.739Z"}
info: Server started at http://localhost:3000/api/v1/ {"timestamp":"2025-02-11T05:44:24.041Z"}
info: Connected to the database. {"timestamp":"2025-02-11T05:44:24.061Z"}
