info: ::1 - - [10/Feb/2025:04:40:38 +0000] "GET /api/v1/users HTTP/1.1" 200 65 "-" "PostmanRuntime/7.37.3"

info: ::1 - - [10/Feb/2025:04:42:22 +0000] "POST /api/v1/users HTTP/1.1" 201 194 "-" "PostmanRuntime/7.37.3"

info: ::1 - - [10/Feb/2025:04:43:07 +0000] "GET /api/v1/users HTTP/1.1" 200 201 "-" "PostmanRuntime/7.37.3"

info: ::1 - - [10/Feb/2025:04:43:33 +0000] "POST /api/v1/users HTTP/1.1" 201 193 "-" "PostmanRuntime/7.37.3"

info: ::1 - - [10/Feb/2025:04:43:40 +0000] "GET /api/v1/users HTTP/1.1" 200 337 "-" "PostmanRuntime/7.37.3"

info: ::1 - - [10/Feb/2025:04:44:24 +0000] "GET /api/v1/users/67a983f57f68e4261039dcb0 HTTP/1.1" 400 56 "-" "PostmanRuntime/7.37.3"

info: ::1 - - [10/Feb/2025:04:44:43 +0000] "GET /api/v1/users/67a983f57f68e4261039dcb0 HTTP/1.1" 200 193 "-" "PostmanRuntime/7.37.3"

info: ::1 - - [10/Feb/2025:04:44:57 +0000] "GET /api/v1/users HTTP/1.1" 200 337 "-" "PostmanRuntime/7.37.3"

info: ::1 - - [10/Feb/2025:04:45:07 +0000] "GET /api/v1/users/67a983ae7f68e4261039dcad HTTP/1.1" 200 194 "-" "PostmanRuntime/7.37.3"

info: ::1 - - [10/Feb/2025:04:45:34 +0000] "GET /api/v1/users/67a983ae7f68e4261039dcad HTTP/1.1" 200 194 "-" "PostmanRuntime/7.37.3"

info: ::1 - - [10/Feb/2025:04:45:48 +0000] "PUT /api/v1/users/67a983ae7f68e4261039dcad HTTP/1.1" 202 197 "-" "PostmanRuntime/7.37.3"

info: ::1 - - [10/Feb/2025:04:45:56 +0000] "GET /api/v1/users/67a983ae7f68e4261039dcad HTTP/1.1" 200 197 "-" "PostmanRuntime/7.37.3"

info: ::1 - - [10/Feb/2025:04:46:27 +0000] "DELETE /api/v1/users/67a983ae7f68e4261039dcad HTTP/1.1" 200 60 "-" "PostmanRuntime/7.37.3"

info: ::1 - - [10/Feb/2025:04:46:35 +0000] "GET /api/v1/users/67a983ae7f68e4261039dcad HTTP/1.1" 200 62 "-" "PostmanRuntime/7.37.3"

info: ::1 - - [10/Feb/2025:04:47:18 +0000] "GET /api/v1/users/ HTTP/1.1" 200 200 "-" "PostmanRuntime/7.37.3"

info: ::1 - - [10/Feb/2025:04:52:36 +0000] "GET /api/v1/users/67a983f57f68e4261039dcb0 HTTP/1.1" 200 193 "-" "PostmanRuntime/7.37.3"

info: ::1 - - [10/Feb/2025:04:52:48 +0000] "GET /api/v1/users/67a983f57f68e4261039dcb0 HTTP/1.1" 200 62 "-" "PostmanRuntime/7.37.3"

info: ::1 - - [10/Feb/2025:04:53:10 +0000] "GET /api/v1/users/67a983f57f68e4261039dcb0 HTTP/1.1" 200 193 "-" "PostmanRuntime/7.37.3"

info: ::1 - - [10/Feb/2025:04:55:00 +0000] "POST /api/v1/users HTTP/1.1" 500 85 "-" "PostmanRuntime/7.37.3"

info: ::1 - - [10/Feb/2025:04:55:18 +0000] "POST /api/v1/users HTTP/1.1" 500 60 "-" "PostmanRuntime/7.37.3"

info: ::1 - - [10/Feb/2025:05:44:09 +0000] "POST /api/v1/users HTTP/1.1" 201 116 "-" "PostmanRuntime/7.37.3"

info: ::1 - - [10/Feb/2025:05:47:41 +0000] "POST /api/v1/users HTTP/1.1" 500 67 "-" "PostmanRuntime/7.37.3"

info: ::1 - - [10/Feb/2025:05:51:23 +0000] "POST /api/v1/users HTTP/1.1" 201 116 "-" "PostmanRuntime/7.37.3"

info: ::1 - - [10/Feb/2025:05:52:40 +0000] "GET /api/v1/users HTTP/1.1" 200 318 "-" "PostmanRuntime/7.37.3"

info: ::1 - - [10/Feb/2025:06:06:12 +0000] "POST /api/v1/users HTTP/1.1" 201 208 "-" "PostmanRuntime/7.37.3"

info: ::1 - - [10/Feb/2025:06:06:30 +0000] "DELETE /api/v1/users HTTP/1.1" 404 47 "-" "PostmanRuntime/7.37.3"

info: ::1 - - [10/Feb/2025:06:06:36 +0000] "DELETE /api/v1/users HTTP/1.1" 404 47 "-" "PostmanRuntime/7.37.3"

info: ::1 - - [10/Feb/2025:06:06:37 +0000] "DELETE /api/v1/users HTTP/1.1" 404 47 "-" "PostmanRuntime/7.37.3"

info: ::1 - - [10/Feb/2025:06:06:50 +0000] "GET /api/v1/users HTTP/1.1" 200 469 "-" "PostmanRuntime/7.37.3"

info: ::1 - - [10/Feb/2025:06:07:33 +0000] "DELETE /api/v1/users/67a993dbb2e1714dd810f7cc HTTP/1.1" 200 60 "-" "PostmanRuntime/7.37.3"

info: ::1 - - [10/Feb/2025:06:07:48 +0000] "GET /api/v1/users HTTP/1.1" 200 410 "-" "PostmanRuntime/7.37.3"

info: ::1 - - [10/Feb/2025:07:48:29 +0000] "GET /api/v1/users/67a99754ec029e3874250787 HTTP/1.1" 200 208 "-" "PostmanRuntime/7.37.3"

info: ::1 - - [10/Feb/2025:09:10:26 +0000] "POST /api/v1/users/ HTTP/1.1" 500 83 "-" "PostmanRuntime/7.43.0"

info: ::1 - - [10/Feb/2025:09:11:15 +0000] "POST /api/v1/users/ HTTP/1.1" 201 247 "-" "PostmanRuntime/7.43.0"

info: ::1 - - [10/Feb/2025:09:11:29 +0000] "POST /api/v1/users/ HTTP/1.1" 500 79 "-" "PostmanRuntime/7.43.0"

info: ::1 - - [10/Feb/2025:09:14:10 +0000] "POST /api/v1/users/ HTTP/1.1" 201 247 "-" "PostmanRuntime/7.43.0"

info: ::1 - - [11/Feb/2025:04:34:34 +0000] "GET /api/v1/users HTTP/1.1" 404 47 "-" "PostmanRuntime/7.43.0"

info: ::1 - - [11/Feb/2025:04:34:43 +0000] "GET /api/v1/users/ HTTP/1.1" 404 47 "-" "PostmanRuntime/7.43.0"

info: ::1 - - [11/Feb/2025:04:34:45 +0000] "GET /api/v1/users/ HTTP/1.1" 404 47 "-" "PostmanRuntime/7.43.0"

info: ::1 - - [11/Feb/2025:04:35:19 +0000] "GET /api/v1/users/ HTTP/1.1" 404 47 "-" "PostmanRuntime/7.43.0"

info: ::1 - - [11/Feb/2025:04:36:48 +0000] "GET /api/v1/users HTTP/1.1" 404 47 "-" "PostmanRuntime/7.43.0"

info: ::1 - - [11/Feb/2025:04:37:06 +0000] "GET /api/v1/users HTTP/1.1" 404 47 "-" "PostmanRuntime/7.43.0"

info: ::1 - - [11/Feb/2025:04:37:09 +0000] "GET /api/v1/users HTTP/1.1" 404 47 "-" "PostmanRuntime/7.43.0"

info: ::1 - - [11/Feb/2025:04:37:09 +0000] "GET /api/v1/users HTTP/1.1" 404 47 "-" "PostmanRuntime/7.43.0"

info: ::1 - - [11/Feb/2025:04:38:16 +0000] "POST /api/v1/users HTTP/1.1" 500 55 "-" "PostmanRuntime/7.43.0"

info: ::1 - - [11/Feb/2025:04:39:12 +0000] "POST /api/v1/users HTTP/1.1" 500 73 "-" "PostmanRuntime/7.43.0"

info: ::1 - - [11/Feb/2025:04:45:29 +0000] "POST /api/v1/users HTTP/1.1" 201 82 "-" "PostmanRuntime/7.43.0"

info: ::1 - - [11/Feb/2025:04:45:45 +0000] "POST /api/v1/users HTTP/1.1" 201 249 "-" "PostmanRuntime/7.43.0"

info: ::1 - - [11/Feb/2025:04:51:50 +0000] "GET /api/v1/users HTTP/1.1" 404 47 "-" "PostmanRuntime/7.43.0"

